八月 26, 2016 1:57:04 下午 org.apache.catalina.core.AprLifecycleListener init
信息: The APR based Apache Tomcat Native library which allows optimal performance in production environments was not found on the java.library.path: F:\Toolkit\tomcat\bin;C:\Windows\Sun\Java\bin;C:\Windows\system32;C:\Windows;F:\adt-bundle-windows-x86_64-20130729\android-sdk-windows\platform-tools;F:\Program Files\Java\jdk1.7.0_25\bin;F:\Program Files\Java\jdk1.7.0_25\jre\bin;C:\Windows\system32;C:\Windows;C:\Windows\System32\Wbem;C:\Windows\System32\WindowsPowerShell\v1.0\;F:\Program Files\Intel\WiFi\bin\;C:\Program Files\Common Files\Intel\WirelessCommon\;F:\Program Files\Git\bin;F:\Program Files\Git\mingw64\libexec\git-core;F:\Program Files\gradle\gradle-2.6-all\gradle-2.6/bin;F:\Program Files\TortoiseSVN\bin;C:\Program Files\EsafeNet\Cobra DocGuard Client;.
八月 26, 2016 1:57:04 下午 org.apache.coyote.http11.Http11Protocol init
信息: Initializing Coyote HTTP/1.1 on http-8080
八月 26, 2016 1:57:04 下午 org.apache.catalina.startup.Catalina load
信息: Initialization processed in 1324 ms
八月 26, 2016 1:57:05 下午 org.apache.catalina.core.StandardService start
信息: Starting service Catalina
八月 26, 2016 1:57:05 下午 org.apache.catalina.core.StandardEngine start
信息: Starting Servlet Engine: Apache Tomcat/6.0.29
八月 26, 2016 1:57:05 下午 org.apache.catalina.startup.HostConfig deployDirectory
信息: Deploying web application directory AForm
八月 26, 2016 1:57:05 下午 org.apache.coyote.http11.Http11Protocol start
信息: Starting Coyote HTTP/1.1 on http-8080
八月 26, 2016 1:57:05 下午 org.apache.jk.common.ChannelSocket init
信息: JK: ajp13 listening on /0.0.0.0:8009
八月 26, 2016 1:57:05 下午 org.apache.jk.server.JkMain start
信息: Jk running ID=0 time=0/36  config=null
八月 26, 2016 1:57:05 下午 org.apache.catalina.startup.Catalina start
信息: Server startup in 609 ms
八月 26, 2016 2:03:50 下午 org.apache.coyote.http11.Http11Protocol pause
信息: Pausing Coyote HTTP/1.1 on http-8080
八月 26, 2016 2:03:51 下午 org.apache.catalina.core.StandardService stop
信息: Stopping service Catalina
八月 26, 2016 2:03:52 下午 org.apache.coyote.http11.Http11Protocol destroy
信息: Stopping Coyote HTTP/1.1 on http-8080
八月 26, 2016 2:15:42 下午 org.apache.catalina.core.AprLifecycleListener init
信息: The APR based Apache Tomcat Native library which allows optimal performance in production environments was not found on the java.library.path: F:\Toolkit\tomcat\bin;C:\Windows\Sun\Java\bin;C:\Windows\system32;C:\Windows;F:\adt-bundle-windows-x86_64-20130729\android-sdk-windows\platform-tools;F:\Program Files\Java\jdk1.7.0_25\bin;F:\Program Files\Java\jdk1.7.0_25\jre\bin;C:\Windows\system32;C:\Windows;C:\Windows\System32\Wbem;C:\Windows\System32\WindowsPowerShell\v1.0\;F:\Program Files\Intel\WiFi\bin\;C:\Program Files\Common Files\Intel\WirelessCommon\;F:\Program Files\Git\bin;F:\Program Files\Git\mingw64\libexec\git-core;F:\Program Files\gradle\gradle-2.6-all\gradle-2.6/bin;F:\Program Files\TortoiseSVN\bin;C:\Program Files\EsafeNet\Cobra DocGuard Client;.
八月 26, 2016 2:15:43 下午 org.apache.coyote.http11.Http11Protocol init
信息: Initializing Coyote HTTP/1.1 on http-8080
八月 26, 2016 2:15:43 下午 org.apache.catalina.startup.Catalina load
信息: Initialization processed in 329 ms
八月 26, 2016 2:15:43 下午 org.apache.catalina.core.StandardService start
信息: Starting service Catalina
八月 26, 2016 2:15:43 下午 org.apache.catalina.core.StandardEngine start
信息: Starting Servlet Engine: Apache Tomcat/6.0.29
八月 26, 2016 2:15:43 下午 org.apache.catalina.startup.HostConfig deployDirectory
信息: Deploying web application directory AForm
八月 26, 2016 2:15:43 下午 org.apache.coyote.http11.Http11Protocol start
信息: Starting Coyote HTTP/1.1 on http-8080
八月 26, 2016 2:15:43 下午 org.apache.jk.common.ChannelSocket init
信息: JK: ajp13 listening on /0.0.0.0:8009
八月 26, 2016 2:15:43 下午 org.apache.jk.server.JkMain start
信息: Jk running ID=0 time=0/20  config=null
八月 26, 2016 2:15:43 下午 org.apache.catalina.startup.Catalina start
信息: Server startup in 233 ms
八月 26, 2016 2:19:13 下午 org.apache.catalina.startup.HostConfig checkResources
信息: Undeploying context [/AForm]
八月 26, 2016 2:19:13 下午 org.apache.catalina.startup.HostConfig deployDirectory
信息: Deploying web application directory HLJ
八月 26, 2016 2:19:53 下午 org.apache.catalina.startup.HostConfig deployDirectory
信息: Deploying web application directory 新建文件夹
八月 26, 2016 2:20:04 下午 org.apache.catalina.startup.HostConfig checkResources
信息: Undeploying context [/新建文件夹]
八月 26, 2016 2:20:04 下午 org.apache.catalina.startup.HostConfig checkResources
信息: Undeploying context [/HLJ]
八月 26, 2016 2:20:04 下午 org.apache.catalina.startup.HostConfig deployDirectory
信息: Deploying web application directory skyworth
八月 26, 2016 3:05:18 下午 org.apache.coyote.http11.Http11Protocol pause
信息: Pausing Coyote HTTP/1.1 on http-8080
八月 26, 2016 3:05:19 下午 org.apache.catalina.core.StandardService stop
信息: Stopping service Catalina
八月 26, 2016 3:05:19 下午 org.apache.coyote.http11.Http11Protocol destroy
信息: Stopping Coyote HTTP/1.1 on http-8080
八月 26, 2016 3:10:49 下午 org.apache.catalina.core.AprLifecycleListener init
信息: The APR based Apache Tomcat Native library which allows optimal performance in production environments was not found on the java.library.path: F:\Toolkit\tomcat\bin;C:\Windows\Sun\Java\bin;C:\Windows\system32;C:\Windows;F:\adt-bundle-windows-x86_64-20130729\android-sdk-windows\platform-tools;F:\Program Files\Java\jdk1.7.0_25\bin;F:\Program Files\Java\jdk1.7.0_25\jre\bin;C:\Windows\system32;C:\Windows;C:\Windows\System32\Wbem;C:\Windows\System32\WindowsPowerShell\v1.0\;F:\Program Files\Intel\WiFi\bin\;C:\Program Files\Common Files\Intel\WirelessCommon\;F:\Program Files\Git\bin;F:\Program Files\Git\mingw64\libexec\git-core;F:\Program Files\gradle\gradle-2.6-all\gradle-2.6/bin;F:\Program Files\TortoiseSVN\bin;C:\Program Files\EsafeNet\Cobra DocGuard Client;.
八月 26, 2016 3:10:49 下午 org.apache.coyote.http11.Http11Protocol init
信息: Initializing Coyote HTTP/1.1 on http-8080
八月 26, 2016 3:10:49 下午 org.apache.catalina.startup.Catalina load
信息: Initialization processed in 294 ms
八月 26, 2016 3:10:49 下午 org.apache.catalina.core.StandardService start
信息: Starting service Catalina
八月 26, 2016 3:10:49 下午 org.apache.catalina.core.StandardEngine start
信息: Starting Servlet Engine: Apache Tomcat/6.0.29
八月 26, 2016 3:10:49 下午 org.apache.catalina.startup.HostConfig deployDirectory
信息: Deploying web application directory skyworth
八月 26, 2016 3:10:49 下午 org.apache.coyote.http11.Http11Protocol start
信息: Starting Coyote HTTP/1.1 on http-8080
八月 26, 2016 3:10:49 下午 org.apache.jk.common.ChannelSocket init
信息: JK: ajp13 listening on /0.0.0.0:8009
八月 26, 2016 3:10:49 下午 org.apache.jk.server.JkMain start
信息: Jk running ID=0 time=0/23  config=null
八月 26, 2016 3:10:49 下午 org.apache.catalina.startup.Catalina start
信息: Server startup in 231 ms
八月 26, 2016 4:14:16 下午 org.apache.catalina.core.AprLifecycleListener init
信息: The APR based Apache Tomcat Native library which allows optimal performance in production environments was not found on the java.library.path: F:\Toolkit\tomcat\bin;C:\Windows\Sun\Java\bin;C:\Windows\system32;C:\Windows;F:\adt-bundle-windows-x86_64-20130729\android-sdk-windows\platform-tools;F:\Program Files\Java\jdk1.7.0_25\bin;F:\Program Files\Java\jdk1.7.0_25\jre\bin;C:\Windows\system32;C:\Windows;C:\Windows\System32\Wbem;C:\Windows\System32\WindowsPowerShell\v1.0\;F:\Program Files\Intel\WiFi\bin\;C:\Program Files\Common Files\Intel\WirelessCommon\;F:\Program Files\Git\bin;F:\Program Files\Git\mingw64\libexec\git-core;F:\Program Files\gradle\gradle-2.6-all\gradle-2.6/bin;F:\Program Files\TortoiseSVN\bin;C:\Program Files\EsafeNet\Cobra DocGuard Client;.
八月 26, 2016 4:14:26 下午 org.apache.coyote.http11.Http11Protocol init
信息: Initializing Coyote HTTP/1.1 on http-8080
八月 26, 2016 4:14:26 下午 org.apache.catalina.startup.Catalina load
信息: Initialization processed in 13713 ms
八月 26, 2016 4:14:27 下午 org.apache.catalina.core.StandardService start
信息: Starting service Catalina
八月 26, 2016 4:14:27 下午 org.apache.catalina.core.StandardEngine start
信息: Starting Servlet Engine: Apache Tomcat/6.0.29
八月 26, 2016 4:14:28 下午 org.apache.catalina.startup.HostConfig deployDirectory
信息: Deploying web application directory skyworth
八月 26, 2016 4:14:35 下午 org.apache.coyote.http11.Http11Protocol start
信息: Starting Coyote HTTP/1.1 on http-8080
八月 26, 2016 4:14:37 下午 org.apache.jk.common.ChannelSocket init
信息: JK: ajp13 listening on /0.0.0.0:8009
八月 26, 2016 4:14:37 下午 org.apache.jk.server.JkMain start
信息: Jk running ID=0 time=0/550  config=null
八月 26, 2016 4:14:37 下午 org.apache.catalina.startup.Catalina start
信息: Server startup in 11145 ms
八月 26, 2016 6:20:19 下午 org.apache.coyote.http11.Http11Protocol pause
信息: Pausing Coyote HTTP/1.1 on http-8080
八月 26, 2016 6:20:20 下午 org.apache.catalina.core.StandardService stop
信息: Stopping service Catalina
八月 26, 2016 6:20:20 下午 org.apache.coyote.http11.Http11Protocol destroy
信息: Stopping Coyote HTTP/1.1 on http-8080
八月 26, 2016 6:20:25 下午 org.apache.catalina.core.AprLifecycleListener init
信息: The APR based Apache Tomcat Native library which allows optimal performance in production environments was not found on the java.library.path: F:\Toolkit\tomcat\bin;C:\Windows\Sun\Java\bin;C:\Windows\system32;C:\Windows;F:\adt-bundle-windows-x86_64-20130729\android-sdk-windows\platform-tools;F:\Program Files\Java\jdk1.7.0_25\bin;F:\Program Files\Java\jdk1.7.0_25\jre\bin;C:\Windows\system32;C:\Windows;C:\Windows\System32\Wbem;C:\Windows\System32\WindowsPowerShell\v1.0\;F:\Program Files\Intel\WiFi\bin\;C:\Program Files\Common Files\Intel\WirelessCommon\;F:\Program Files\Git\bin;F:\Program Files\Git\mingw64\libexec\git-core;F:\Program Files\gradle\gradle-2.6-all\gradle-2.6/bin;F:\Program Files\TortoiseSVN\bin;C:\Program Files\EsafeNet\Cobra DocGuard Client;.
八月 26, 2016 6:20:25 下午 org.apache.coyote.http11.Http11Protocol init
信息: Initializing Coyote HTTP/1.1 on http-8088
八月 26, 2016 6:20:25 下午 org.apache.catalina.startup.Catalina load
信息: Initialization processed in 303 ms
八月 26, 2016 6:20:25 下午 org.apache.catalina.core.StandardService start
信息: Starting service Catalina
八月 26, 2016 6:20:25 下午 org.apache.catalina.core.StandardEngine start
信息: Starting Servlet Engine: Apache Tomcat/6.0.29
八月 26, 2016 6:20:25 下午 org.apache.catalina.startup.HostConfig deployDirectory
信息: Deploying web application directory skyworth
八月 26, 2016 6:20:25 下午 org.apache.coyote.http11.Http11Protocol start
信息: Starting Coyote HTTP/1.1 on http-8088
八月 26, 2016 6:20:25 下午 org.apache.jk.common.ChannelSocket init
信息: JK: ajp13 listening on /0.0.0.0:8009
八月 26, 2016 6:20:25 下午 org.apache.jk.server.JkMain start
信息: Jk running ID=0 time=0/25  config=null
八月 26, 2016 6:20:25 下午 org.apache.catalina.startup.Catalina start
信息: Server startup in 259 ms
