八月 29, 2016 1:11:36 下午 org.apache.catalina.startup.HostConfig deployDirectory
信息: Deploying web application directory attached
八月 29, 2016 1:18:20 下午 org.apache.coyote.http11.Http11Protocol pause
信息: Pausing Coyote HTTP/1.1 on http-8088
八月 29, 2016 1:18:21 下午 org.apache.catalina.core.StandardService stop
信息: Stopping service Catalina
八月 29, 2016 1:18:21 下午 org.apache.coyote.http11.Http11Protocol destroy
信息: Stopping Coyote HTTP/1.1 on http-8088
八月 29, 2016 1:18:24 下午 org.apache.catalina.core.AprLifecycleListener init
信息: The APR based Apache Tomcat Native library which allows optimal performance in production environments was not found on the java.library.path: F:\Toolkit\tomcat\bin;C:\Windows\Sun\Java\bin;C:\Windows\system32;C:\Windows;F:\adt-bundle-windows-x86_64-20130729\android-sdk-windows\platform-tools;F:\Program Files\Java\jdk1.7.0_25\bin;F:\Program Files\Java\jdk1.7.0_25\jre\bin;C:\Windows\system32;C:\Windows;C:\Windows\System32\Wbem;C:\Windows\System32\WindowsPowerShell\v1.0\;F:\Program Files\Intel\WiFi\bin\;C:\Program Files\Common Files\Intel\WirelessCommon\;F:\Program Files\Git\bin;F:\Program Files\Git\mingw64\libexec\git-core;F:\Program Files\gradle\gradle-2.6-all\gradle-2.6/bin;F:\Program Files\TortoiseSVN\bin;C:\Program Files\EsafeNet\Cobra DocGuard Client;.
八月 29, 2016 1:18:24 下午 org.apache.coyote.http11.Http11Protocol init
信息: Initializing Coyote HTTP/1.1 on http-8088
八月 29, 2016 1:18:24 下午 org.apache.catalina.startup.Catalina load
信息: Initialization processed in 314 ms
八月 29, 2016 1:18:24 下午 org.apache.catalina.core.StandardService start
信息: Starting service Catalina
八月 29, 2016 1:18:24 下午 org.apache.catalina.core.StandardEngine start
信息: Starting Servlet Engine: Apache Tomcat/6.0.29
八月 29, 2016 1:18:24 下午 org.apache.catalina.startup.HostConfig deployDirectory
信息: Deploying web application directory attached
八月 29, 2016 1:18:25 下午 org.apache.catalina.startup.HostConfig deployDirectory
信息: Deploying web application directory skyworth
八月 29, 2016 1:18:25 下午 org.apache.coyote.http11.Http11Protocol start
信息: Starting Coyote HTTP/1.1 on http-8088
八月 29, 2016 1:18:25 下午 org.apache.jk.common.ChannelSocket init
信息: JK: ajp13 listening on /0.0.0.0:8009
八月 29, 2016 1:18:25 下午 org.apache.jk.server.JkMain start
信息: Jk running ID=0 time=0/15  config=null
八月 29, 2016 1:18:25 下午 org.apache.catalina.startup.Catalina start
信息: Server startup in 257 ms
八月 29, 2016 1:23:04 下午 org.apache.coyote.http11.Http11Protocol pause
信息: Pausing Coyote HTTP/1.1 on http-8088
八月 29, 2016 1:23:05 下午 org.apache.catalina.core.StandardService stop
信息: Stopping service Catalina
八月 29, 2016 1:23:05 下午 org.apache.coyote.http11.Http11Protocol destroy
信息: Stopping Coyote HTTP/1.1 on http-8088
八月 29, 2016 1:23:09 下午 org.apache.catalina.core.AprLifecycleListener init
信息: The APR based Apache Tomcat Native library which allows optimal performance in production environments was not found on the java.library.path: F:\Toolkit\tomcat\bin;C:\Windows\Sun\Java\bin;C:\Windows\system32;C:\Windows;F:\adt-bundle-windows-x86_64-20130729\android-sdk-windows\platform-tools;F:\Program Files\Java\jdk1.7.0_25\bin;F:\Program Files\Java\jdk1.7.0_25\jre\bin;C:\Windows\system32;C:\Windows;C:\Windows\System32\Wbem;C:\Windows\System32\WindowsPowerShell\v1.0\;F:\Program Files\Intel\WiFi\bin\;C:\Program Files\Common Files\Intel\WirelessCommon\;F:\Program Files\Git\bin;F:\Program Files\Git\mingw64\libexec\git-core;F:\Program Files\gradle\gradle-2.6-all\gradle-2.6/bin;F:\Program Files\TortoiseSVN\bin;C:\Program Files\EsafeNet\Cobra DocGuard Client;.
八月 29, 2016 1:23:09 下午 org.apache.coyote.http11.Http11Protocol init
信息: Initializing Coyote HTTP/1.1 on http-8088
八月 29, 2016 1:23:09 下午 org.apache.catalina.startup.Catalina load
信息: Initialization processed in 346 ms
八月 29, 2016 1:23:09 下午 org.apache.catalina.core.StandardService start
信息: Starting service Catalina
八月 29, 2016 1:23:09 下午 org.apache.catalina.core.StandardEngine start
信息: Starting Servlet Engine: Apache Tomcat/6.0.29
八月 29, 2016 1:23:09 下午 org.apache.catalina.startup.HostConfig deployDirectory
信息: Deploying web application directory attached
八月 29, 2016 1:23:09 下午 org.apache.catalina.startup.HostConfig deployDirectory
信息: Deploying web application directory skyworth
八月 29, 2016 1:23:09 下午 org.apache.coyote.http11.Http11Protocol start
信息: Starting Coyote HTTP/1.1 on http-8088
八月 29, 2016 1:23:09 下午 org.apache.jk.common.ChannelSocket init
信息: JK: ajp13 listening on /0.0.0.0:8009
八月 29, 2016 1:23:09 下午 org.apache.jk.server.JkMain start
信息: Jk running ID=0 time=0/14  config=null
八月 29, 2016 1:23:09 下午 org.apache.catalina.startup.Catalina start
信息: Server startup in 255 ms
八月 29, 2016 1:23:13 下午 org.apache.coyote.http11.Http11Protocol pause
信息: Pausing Coyote HTTP/1.1 on http-8088
八月 29, 2016 1:23:14 下午 org.apache.catalina.core.StandardService stop
信息: Stopping service Catalina
八月 29, 2016 1:23:14 下午 org.apache.coyote.http11.Http11Protocol destroy
信息: Stopping Coyote HTTP/1.1 on http-8088
八月 29, 2016 1:23:17 下午 org.apache.catalina.core.AprLifecycleListener init
信息: The APR based Apache Tomcat Native library which allows optimal performance in production environments was not found on the java.library.path: F:\Toolkit\tomcat\bin;C:\Windows\Sun\Java\bin;C:\Windows\system32;C:\Windows;F:\adt-bundle-windows-x86_64-20130729\android-sdk-windows\platform-tools;F:\Program Files\Java\jdk1.7.0_25\bin;F:\Program Files\Java\jdk1.7.0_25\jre\bin;C:\Windows\system32;C:\Windows;C:\Windows\System32\Wbem;C:\Windows\System32\WindowsPowerShell\v1.0\;F:\Program Files\Intel\WiFi\bin\;C:\Program Files\Common Files\Intel\WirelessCommon\;F:\Program Files\Git\bin;F:\Program Files\Git\mingw64\libexec\git-core;F:\Program Files\gradle\gradle-2.6-all\gradle-2.6/bin;F:\Program Files\TortoiseSVN\bin;C:\Program Files\EsafeNet\Cobra DocGuard Client;.
八月 29, 2016 1:23:17 下午 org.apache.coyote.http11.Http11Protocol init
信息: Initializing Coyote HTTP/1.1 on http-8088
八月 29, 2016 1:23:17 下午 org.apache.catalina.startup.Catalina load
信息: Initialization processed in 272 ms
八月 29, 2016 1:23:17 下午 org.apache.catalina.core.StandardService start
信息: Starting service Catalina
八月 29, 2016 1:23:17 下午 org.apache.catalina.core.StandardEngine start
信息: Starting Servlet Engine: Apache Tomcat/6.0.29
八月 29, 2016 1:23:17 下午 org.apache.catalina.startup.HostConfig deployDirectory
信息: Deploying web application directory attached
八月 29, 2016 1:23:17 下午 org.apache.catalina.startup.HostConfig deployDirectory
信息: Deploying web application directory skyworth
八月 29, 2016 1:23:17 下午 org.apache.coyote.http11.Http11Protocol start
信息: Starting Coyote HTTP/1.1 on http-8088
八月 29, 2016 1:23:17 下午 org.apache.jk.common.ChannelSocket init
信息: JK: ajp13 listening on /0.0.0.0:8009
八月 29, 2016 1:23:17 下午 org.apache.jk.server.JkMain start
信息: Jk running ID=0 time=0/14  config=null
八月 29, 2016 1:23:17 下午 org.apache.catalina.startup.Catalina start
信息: Server startup in 237 ms
八月 29, 2016 1:33:07 下午 org.apache.catalina.startup.HostConfig checkResources
信息: Undeploying context [/attached]
