九月 02, 2016 10:51:02 上午 org.apache.catalina.startup.HostConfig deployDirectory
信息: Deploying web application directory angular-gridster-master1
九月 02, 2016 2:18:05 下午 org.apache.catalina.startup.HostConfig deployDirectory
信息: Deploying web application directory qunit-1.23.1
九月 02, 2016 2:36:16 下午 org.apache.catalina.startup.HostConfig checkResources
信息: Undeploying context [/qunit-1.23.1]
九月 02, 2016 3:51:27 下午 org.apache.catalina.startup.HostConfig checkResources
信息: Undeploying context [/angular-gridster-master1]
九月 02, 2016 3:51:38 下午 org.apache.catalina.startup.HostConfig checkResources
信息: Undeploying context [/demo]
九月 02, 2016 3:51:58 下午 org.apache.catalina.startup.HostConfig checkResources
信息: Undeploying context [/gridster.js-master]
九月 02, 2016 3:52:58 下午 org.apache.catalina.startup.HostConfig deployDirectory
信息: Deploying web application directory angular-gridster-master1
九月 02, 2016 6:38:34 下午 org.apache.coyote.http11.Http11Protocol pause
信息: Pausing Coyote HTTP/1.1 on http-8088
九月 02, 2016 6:38:35 下午 org.apache.catalina.core.StandardService stop
信息: Stopping service Catalina
九月 02, 2016 6:38:35 下午 org.apache.coyote.http11.Http11Protocol destroy
信息: Stopping Coyote HTTP/1.1 on http-8088
