[2016-08-26 13:48:00] [info] Procrun (2.0.4.0) started
[2016-08-26 13:48:00] [info] Service Tomcat6 name Apache Tomcat
[2016-08-26 13:48:00] [info] Service Tomcat6 installed
[2016-08-26 13:48:00] [info] Procrun finished.
[2016-08-26 13:48:04] [info] Procrun (2.0.4.0) started
[2016-08-26 13:48:04] [info] Updating service...
[2016-08-26 13:48:04] [info] Service Tomcat6 updated
[2016-08-26 13:48:04] [info] Update service finished.
[2016-08-26 13:48:04] [info] Procrun finished.
[2016-08-26 13:48:07] [info] Procrun (2.0.4.0) started
[2016-08-26 13:48:07] [info] Updating service...
[2016-08-26 13:48:07] [info] Service Tomcat6 updated
[2016-08-26 13:48:07] [info] Update service finished.
[2016-08-26 13:48:07] [info] Procrun finished.
[2016-08-26 13:57:00] [info] Procrun (2.0.4.0) started
[2016-08-26 13:57:00] [info] Service Tomcat6CAS name Apache Tomcat Tomcat6CAS
[2016-08-26 13:57:01] [info] Service Tomcat6CAS installed
[2016-08-26 13:57:01] [info] Procrun finished.
[2016-08-26 13:57:01] [info] Procrun (2.0.4.0) started
[2016-08-26 13:57:01] [info] Updating service...
[2016-08-26 13:57:01] [info] Service Tomcat6CAS updated
[2016-08-26 13:57:01] [info] Update service finished.
[2016-08-26 13:57:01] [info] Procrun finished.
[2016-08-26 13:57:01] [info] Procrun (2.0.4.0) started
[2016-08-26 13:57:01] [info] Updating service...
[2016-08-26 13:57:01] [info] Service Tomcat6CAS updated
[2016-08-26 13:57:01] [info] Update service finished.
[2016-08-26 13:57:01] [info] Procrun finished.
[2016-08-26 13:57:01] [info] Procrun (2.0.4.0) started
[2016-08-26 13:57:01] [info] Running Service...
[2016-08-26 13:57:02] [info] Starting service...
[2016-08-26 13:57:04] [info] Service started in 2266 ms.
[2016-08-26 14:03:50] [info] Stopping service...
[2016-08-26 14:03:52] [info] Service stopped.
[2016-08-26 14:03:52] [info] Run service finished.
[2016-08-26 14:03:52] [info] Procrun finished.
[2016-08-26 14:15:42] [info] Procrun (2.0.4.0) started
[2016-08-26 14:15:42] [info] Service Tomcat6CAS name Apache Tomcat Tomcat6CAS
[2016-08-26 14:15:42] [420  service.c] [error] 指定的服务已存在。
[2016-08-26 14:15:42] [614  prunsrv.c] [error] Failed installing Tomcat6CAS service
[2016-08-26 14:15:42] [info] Procrun finished.
[2016-08-26 14:15:42] [info] Procrun (2.0.4.0) started
[2016-08-26 14:15:42] [info] Running Service...
[2016-08-26 14:15:42] [info] Starting service...
[2016-08-26 14:15:43] [info] Service started in 1100 ms.
[2016-08-26 15:05:18] [info] Stopping service...
[2016-08-26 15:05:19] [info] Service stopped.
[2016-08-26 15:05:19] [info] Run service finished.
[2016-08-26 15:05:19] [info] Procrun finished.
[2016-08-26 15:10:48] [info] Procrun (2.0.4.0) started
[2016-08-26 15:10:48] [info] Service Tomcat6CAS name Apache Tomcat Tomcat6CAS
[2016-08-26 15:10:48] [420  service.c] [error] 指定的服务已存在。
[2016-08-26 15:10:48] [614  prunsrv.c] [error] Failed installing Tomcat6CAS service
[2016-08-26 15:10:48] [info] Procrun finished.
[2016-08-26 15:10:48] [info] Procrun (2.0.4.0) started
[2016-08-26 15:10:48] [info] Running Service...
[2016-08-26 15:10:48] [info] Starting service...
[2016-08-26 15:10:50] [info] Service started in 1113 ms.
[2016-08-26 16:14:01] [info] Procrun (2.0.4.0) started
[2016-08-26 16:14:01] [info] Service Tomcat6CAS name Apache Tomcat Tomcat6CAS
[2016-08-26 16:14:01] [420  service.c] [error] 指定的服务已存在。
[2016-08-26 16:14:01] [614  prunsrv.c] [error] Failed installing Tomcat6CAS service
[2016-08-26 16:14:01] [info] Procrun finished.
[2016-08-26 16:14:01] [info] Procrun (2.0.4.0) started
[2016-08-26 16:14:01] [info] Running Service...
[2016-08-26 16:14:01] [info] Starting service...
[2016-08-26 16:14:10] [info] Service started in 8640 ms.
[2016-08-26 18:20:19] [info] Stopping service...
[2016-08-26 18:20:20] [info] Service stopped.
[2016-08-26 18:20:20] [info] Run service finished.
[2016-08-26 18:20:20] [info] Procrun finished.
[2016-08-26 18:20:24] [info] Procrun (2.0.4.0) started
[2016-08-26 18:20:24] [info] Service Tomcat6CAS name Apache Tomcat Tomcat6CAS
[2016-08-26 18:20:24] [420  service.c] [error] 指定的服务已存在。
[2016-08-26 18:20:24] [614  prunsrv.c] [error] Failed installing Tomcat6CAS service
[2016-08-26 18:20:24] [info] Procrun finished.
[2016-08-26 18:20:24] [info] Procrun (2.0.4.0) started
[2016-08-26 18:20:24] [info] Running Service...
[2016-08-26 18:20:24] [info] Starting service...
[2016-08-26 18:20:25] [info] Service started in 1096 ms.
[2016-08-29 13:18:20] [info] Stopping service...
[2016-08-29 13:18:21] [info] Service stopped.
[2016-08-29 13:18:21] [info] Run service finished.
[2016-08-29 13:18:21] [info] Procrun finished.
