[2016-09-05 10:11:56] [info] Procrun (2.0.4.0) started
[2016-09-05 10:11:56] [info] Service Tomcat6CAS name Apache Tomcat Tomcat6CAS
[2016-09-05 10:11:56] [420  service.c] [error] 指定的服务已存在。
[2016-09-05 10:11:56] [614  prunsrv.c] [error] Failed installing Tomcat6CAS service
[2016-09-05 10:11:56] [info] Procrun finished.
[2016-09-05 10:11:56] [info] Procrun (2.0.4.0) started
[2016-09-05 10:11:56] [info] Running Service...
[2016-09-05 10:11:56] [info] Starting service...
[2016-09-05 10:11:59] [info] Service started in 2544 ms.
[2016-09-05 12:25:20] [info] Stopping service...
[2016-09-05 12:25:21] [info] Service stopped.
[2016-09-05 12:25:21] [info] Run service finished.
[2016-09-05 12:25:21] [info] Procrun finished.
[2016-09-05 12:25:25] [info] Procrun (2.0.4.0) started
[2016-09-05 12:25:25] [info] Service Tomcat6CAS name Apache Tomcat Tomcat6CAS
[2016-09-05 12:25:25] [420  service.c] [error] 指定的服务已存在。
[2016-09-05 12:25:25] [614  prunsrv.c] [error] Failed installing Tomcat6CAS service
[2016-09-05 12:25:25] [info] Procrun finished.
[2016-09-05 12:25:25] [info] Procrun (2.0.4.0) started
[2016-09-05 12:25:25] [info] Running Service...
[2016-09-05 12:25:25] [info] Starting service...
[2016-09-05 12:25:26] [info] Service started in 1097 ms.
[2016-09-07 15:54:24] [info] Stopping service...
[2016-09-07 15:54:25] [info] Service stopped.
[2016-09-07 15:54:25] [info] Run service finished.
[2016-09-07 15:54:25] [info] Procrun finished.
